building Nix...
building the system configuration...
these 20 derivations will be built:
  /nix/store/3g48ayhjlr8rgk2g1315pa0929f26wbd-obsidian.desktop.drv
  /nix/store/kcr00ifh2vv62pimdlw0670dk76gl1n2-obsidian-logo-gradient.svg.drv
  /nix/store/wngfwxgs1zr28m07fl1sqq5x7zb8yl43-obsidian-1.8.10.tar.gz.drv
  /nix/store/zx1fzgd60088pccz4mahn4n4jgn2a09j-obsidian-1.8.10.drv
  /nix/store/b83i5mlgfj9jsjx1n7z755kxawqzgxhh-system-path.drv
  /nix/store/q66qqzmw3bil3f79g9rc9975w9jd4xy4-set-environment.drv
  /nix/store/2bmaf63pm596maykgjslbq66i7knax4p-etc-profile.drv
  /nix/store/6rsyqlrslc8zvrbkibmda2llk2fimqrv-dbus-1.drv
  /nix/store/gszkazjslr721zj708g2n5kci2sdidrh-etc-pam-environment.drv
  /nix/store/bynnm38vq1m3jr6wn32dj8r3d84wp31p-X-Restart-Triggers-dbus.drv
  /nix/store/v2zspfw02kyv62iav8yc8ipmknb5lyi1-unit-dbus.service.drv
  /nix/store/wajfys0nwi33snk1lq29zhv32ida28pk-unit-accounts-daemon.service.drv
  /nix/store/jc4akfciz8qjsilmylpzrhad3kans25x-X-Restart-Triggers-polkit.drv
  /nix/store/wdikpq9wlmzq1rbms0warm7vwf94rmzk-unit-polkit.service.drv
  /nix/store/qjafn9w7njkcdq5gsmgk8l1ynqahk0l1-system-units.drv
  /nix/store/q3c2cpbzqwbsl8pmcvydk6h4d83hqag2-unit-dbus.service.drv
  /nix/store/vqj2zxfcb11jy98sfzddxcg8xgb63di4-user-units.drv
  /nix/store/y64nkakiw0fhddm5y6qmaznya7rmki0w-etc-zshenv.drv
  /nix/store/3w9256vszlqcwznr0ddjl0g9ryr12i8g-etc.drv
  /nix/store/hfgjh8fb9vq6xg8y6z73dh39v2iqqiny-nixos-system-laptop-25.05.803471.4792576cb003.drv
these 32 paths will be fetched (95.40 MiB download, 416.51 MiB unpacked):
  /nix/store/vablpmnc13sysqka9m8r2v5yjyfzk888-c-ares-1.34.5
  /nix/store/nmxr110602fvajr9ax8d65ac1g40vx1a-curl-8.13.0-dev
  /nix/store/dy9zfab3yvdqnjjnzqgw9c4d78iwvbxk-djvulibre-3.5.28-bin
  /nix/store/8y7cvw45plfxhr80rqa0a6wiwzfvgi99-djvulibre-3.5.28-dev
  /nix/store/8wbcwmnmmrl1jn1dfjgmbg5dnhk36mgs-electron-35.5.0
  /nix/store/wqar6cb0dv6aki16lsi2h9fggg5ahisj-electron-unwrapped-35.5.0
  /nix/store/5gvin8621cn588m6231vmyb4kmwxfczd-fftw-double-3.3.10-dev
  /nix/store/n087ac9g368fbl6h57a2mdd741lshzrc-file-5.46-dev
  /nix/store/4pivv1m7fbawr7alqiymvmfgbx62i0yh-imagemagick-7.1.1-47-dev
  /nix/store/1xny9xpnrkfq3swk86x0q6rmyqb1wr1c-imagemagick-7.1.1-47-doc
  /nix/store/0ra4hmaj2wh70q8l1qa2lgsdrw9lgda0-lcms2-2.17-bin
  /nix/store/wkmhabr9bkniria7y18ifbj7djmvlv78-lcms2-2.17-dev
  /nix/store/ykwb7dbf3ac6p2jylcp8y2hcxhpy0dz1-libev-4.33
  /nix/store/dv2am3mf4hnsmk7v8bvx74qmn4zrz8n9-libheif-1.19.7-bin
  /nix/store/pajd8l6mbd7nsmpf5qn5pkallc89ffnl-libheif-1.19.7-dev
  /nix/store/5d41z70jdglz0xlwcssfp9lb27bnxsnk-libhwy-1.0.7
  /nix/store/4z2vr22ql2r79hhic6swnaryhyhvcjih-libidn2-2.3.8-bin
  /nix/store/2m0s7qxq2kgclyh6cfbflpxm65aga2h4-libidn2-2.3.8-dev
  /nix/store/m5inp5wd41kqmwhzi31hhn6a79k4pydr-libjxl-0.11.1-dev
  /nix/store/7xw05z3h06jn6ikfknfsga9hvmcfvawr-liblqr-1-0.4.2-dev
  /nix/store/x6h3cdb28mflz7ymc61ywq1pvgjxab6y-libpng-1.6.46
  /nix/store/8mlcjg5js2r0zrpdjlfaxax6hyvppgz5-libpsl-0.21.5-dev
  /nix/store/rpvp8agzml9qni9avgw9kxgmjfysr35j-libraw-0.21.3
  /nix/store/rysxdg6i9wcnlf6wf5fdag21spr26gij-libraw-0.21.3-dev
  /nix/store/1nygjgimkj4wnmydzd6brsw6m0rd7gmx-libssh2-1.11.1-dev
  /nix/store/pdnqlnvxiq1926kqjzxjln4d3147z54w-libxml2-2.13.8-bin
  /nix/store/cisb0723v3pgp74f2lj07z5d6w3j77sl-libxml2-2.13.8-dev
  /nix/store/0kfli36ckiv6b1g51c4xv96gk3ab5rj0-nghttp2-1.65.0
  /nix/store/hybw3vnacqmm68fskbcchrbmj0h4ffv2-nghttp2-1.65.0-dev
  /nix/store/njiqbmvgiigfi80xb4zi2mnx781rfxnz-openexr-3.2.4-bin
  /nix/store/2pdl5hk93njii4skxas60xjvbcf7w4kp-openexr-3.2.4-dev
  /nix/store/jazm9phdvs5x1369xvfiflkhzhn56h2m-openjpeg-2.5.2-dev
copying path '/nix/store/1xny9xpnrkfq3swk86x0q6rmyqb1wr1c-imagemagick-7.1.1-47-doc' from 'https://cache.nixos.org'...
copying path '/nix/store/5d41z70jdglz0xlwcssfp9lb27bnxsnk-libhwy-1.0.7' from 'https://cache.nixos.org'...
building '/nix/store/3g48ayhjlr8rgk2g1315pa0929f26wbd-obsidian.desktop.drv'...
copying path '/nix/store/5gvin8621cn588m6231vmyb4kmwxfczd-fftw-double-3.3.10-dev' from 'https://cache.nixos.org'...
copying path '/nix/store/n087ac9g368fbl6h57a2mdd741lshzrc-file-5.46-dev' from 'https://cache.nixos.org'...
copying path '/nix/store/7xw05z3h06jn6ikfknfsga9hvmcfvawr-liblqr-1-0.4.2-dev' from 'https://cache.nixos.org'...
copying path '/nix/store/1nygjgimkj4wnmydzd6brsw6m0rd7gmx-libssh2-1.11.1-dev' from 'https://cache.nixos.org'...
copying path '/nix/store/8mlcjg5js2r0zrpdjlfaxax6hyvppgz5-libpsl-0.21.5-dev' from 'https://cache.nixos.org'...
copying path '/nix/store/jazm9phdvs5x1369xvfiflkhzhn56h2m-openjpeg-2.5.2-dev' from 'https://cache.nixos.org'...
copying path '/nix/store/vablpmnc13sysqka9m8r2v5yjyfzk888-c-ares-1.34.5' from 'https://cache.nixos.org'...
copying path '/nix/store/dy9zfab3yvdqnjjnzqgw9c4d78iwvbxk-djvulibre-3.5.28-bin' from 'https://cache.nixos.org'...
copying path '/nix/store/0ra4hmaj2wh70q8l1qa2lgsdrw9lgda0-lcms2-2.17-bin' from 'https://cache.nixos.org'...
copying path '/nix/store/dv2am3mf4hnsmk7v8bvx74qmn4zrz8n9-libheif-1.19.7-bin' from 'https://cache.nixos.org'...
copying path '/nix/store/4z2vr22ql2r79hhic6swnaryhyhvcjih-libidn2-2.3.8-bin' from 'https://cache.nixos.org'...
copying path '/nix/store/x6h3cdb28mflz7ymc61ywq1pvgjxab6y-libpng-1.6.46' from 'https://cache.nixos.org'...
copying path '/nix/store/rpvp8agzml9qni9avgw9kxgmjfysr35j-libraw-0.21.3' from 'https://cache.nixos.org'...
copying path '/nix/store/pdnqlnvxiq1926kqjzxjln4d3147z54w-libxml2-2.13.8-bin' from 'https://cache.nixos.org'...
building '/nix/store/wngfwxgs1zr28m07fl1sqq5x7zb8yl43-obsidian-1.8.10.tar.gz.drv'...
building '/nix/store/kcr00ifh2vv62pimdlw0670dk76gl1n2-obsidian-logo-gradient.svg.drv'...

trying https://github.com/obsidianmd/obsidian-releases/releases/download/v1.8.10/obsidian-1.8.10.tar.gz
copying path '/nix/store/ykwb7dbf3ac6p2jylcp8y2hcxhpy0dz1-libev-4.33' from 'https://cache.nixos.org'...
copying path '/nix/store/njiqbmvgiigfi80xb4zi2mnx781rfxnz-openexr-3.2.4-bin' from 'https://cache.nixos.org'...
copying path '/nix/store/8y7cvw45plfxhr80rqa0a6wiwzfvgi99-djvulibre-3.5.28-dev' from 'https://cache.nixos.org'...
copying path '/nix/store/wkmhabr9bkniria7y18ifbj7djmvlv78-lcms2-2.17-dev' from 'https://cache.nixos.org'...
copying path '/nix/store/wqar6cb0dv6aki16lsi2h9fggg5ahisj-electron-unwrapped-35.5.0' from 'https://cache.nixos.org'...
copying path '/nix/store/pajd8l6mbd7nsmpf5qn5pkallc89ffnl-libheif-1.19.7-dev' from 'https://cache.nixos.org'...
copying path '/nix/store/2m0s7qxq2kgclyh6cfbflpxm65aga2h4-libidn2-2.3.8-dev' from 'https://cache.nixos.org'...
  % Total    % Received % Xferd  Average Speed   Time    Time     Time  Current
                                 Dload  Upload   Total   Spent    Left  Speed
copying path '/nix/store/cisb0723v3pgp74f2lj07z5d6w3j77sl-libxml2-2.13.8-dev' from 'https://cache.nixos.org'...
copying path '/nix/store/m5inp5wd41kqmwhzi31hhn6a79k4pydr-libjxl-0.11.1-dev' from 'https://cache.nixos.org'...

trying https://obsidian.md/images/obsidian-logo-gradient.svg
  % Total    % Received % Xferd  Average Speed   Time    Time     Time  Current
                                 Dload  Upload   Total   Spent    Left  Speed
copying path '/nix/store/rysxdg6i9wcnlf6wf5fdag21spr26gij-libraw-0.21.3-dev' from 'https://cache.nixos.org'...
copying path '/nix/store/2pdl5hk93njii4skxas60xjvbcf7w4kp-openexr-3.2.4-dev' from 'https://cache.nixos.org'...
copying path '/nix/store/0kfli36ckiv6b1g51c4xv96gk3ab5rj0-nghttp2-1.65.0' from 'https://cache.nixos.org'...
  0     0    0     0    0     0      0      0 --:--:-- --:--:-- --:--:--     0
100  4872    0  4872    0     0  14643      0 --:--:-- --:--:-- --:--:-- 14630
copying path '/nix/store/hybw3vnacqmm68fskbcchrbmj0h4ffv2-nghttp2-1.65.0-dev' from 'https://cache.nixos.org'...
copying path '/nix/store/nmxr110602fvajr9ax8d65ac1g40vx1a-curl-8.13.0-dev' from 'https://cache.nixos.org'...
copying path '/nix/store/4pivv1m7fbawr7alqiymvmfgbx62i0yh-imagemagick-7.1.1-47-dev' from 'https://cache.nixos.org'...
copying path '/nix/store/8wbcwmnmmrl1jn1dfjgmbg5dnhk36mgs-electron-35.5.0' from 'https://cache.nixos.org'...
100  105M  100  105M    0     0  4730k      0  0:00:22  0:00:22 --:--:-- 8721k
building '/nix/store/zx1fzgd60088pccz4mahn4n4jgn2a09j-obsidian-1.8.10.drv'...
Running phase: unpackPhase
unpacking source archive /nix/store/syrc774q7gg27nj7yxdifxsc9h9dwnd6-obsidian-1.8.10.tar.gz
source root is obsidian-1.8.10
setting SOURCE_DATE_EPOCH to timestamp 1745250428 of file "obsidian-1.8.10/resources/obsidian.asar"
Running phase: patchPhase
Running phase: updateAutotoolsGnuConfigScriptsPhase
Running phase: configurePhase
no configure script, doing nothing
Running phase: buildPhase
no Makefile or custom buildPhase, doing nothing
Running phase: installPhase
Running phase: fixupPhase
shrinking RPATHs of ELF executables and libraries in /nix/store/iyhqg56rf0p5c4ghcvhx2sg1bkdsky9n-obsidian-1.8.10
checking for references to /build/ in /nix/store/iyhqg56rf0p5c4ghcvhx2sg1bkdsky9n-obsidian-1.8.10...
patching script interpreter paths in /nix/store/iyhqg56rf0p5c4ghcvhx2sg1bkdsky9n-obsidian-1.8.10
stripping (with command strip and flags -S -p) in  /nix/store/iyhqg56rf0p5c4ghcvhx2sg1bkdsky9n-obsidian-1.8.10/bin
building '/nix/store/b83i5mlgfj9jsjx1n7z755kxawqzgxhh-system-path.drv'...
warning: collision between `/nix/store/npqlgsia03kfhv8m9mav6hfnbawpg0yg-cargo-1.86.0/share/zsh/site-functions/_cargo' and `/nix/store/vg6d0qm7mpmsmm03h8fm68cffxjkqrvr-rustup-1.27.1/share/zsh/site-functions/_cargo'
warning: collision between `/nix/store/npqlgsia03kfhv8m9mav6hfnbawpg0yg-cargo-1.86.0/bin/cargo' and `/nix/store/vg6d0qm7mpmsmm03h8fm68cffxjkqrvr-rustup-1.27.1/bin/cargo'
warning: collision between `/nix/store/pn06r98wmj73sqrfxbiv13mxcpf2aryh-xwayland-24.1.6/lib/xorg/protocol.txt' and `/nix/store/pl2mapfil2bi7bdsypqyi6xa7b7asmjm-xorg-server-21.1.16/lib/xorg/protocol.txt'
warning: collision between `/nix/store/pn06r98wmj73sqrfxbiv13mxcpf2aryh-xwayland-24.1.6/share/man/man1/Xserver.1.gz' and `/nix/store/pl2mapfil2bi7bdsypqyi6xa7b7asmjm-xorg-server-21.1.16/share/man/man1/Xserver.1.gz'
created 19897 symlinks in user environment
gtk-update-icon-cache: Cache file created successfully.
gtk-update-icon-cache: Cache file created successfully.
building '/nix/store/jc4akfciz8qjsilmylpzrhad3kans25x-X-Restart-Triggers-polkit.drv'...
building '/nix/store/6rsyqlrslc8zvrbkibmda2llk2fimqrv-dbus-1.drv'...
building '/nix/store/gszkazjslr721zj708g2n5kci2sdidrh-etc-pam-environment.drv'...
building '/nix/store/q66qqzmw3bil3f79g9rc9975w9jd4xy4-set-environment.drv'...
building '/nix/store/wajfys0nwi33snk1lq29zhv32ida28pk-unit-accounts-daemon.service.drv'...
building '/nix/store/bynnm38vq1m3jr6wn32dj8r3d84wp31p-X-Restart-Triggers-dbus.drv'...
building '/nix/store/2bmaf63pm596maykgjslbq66i7knax4p-etc-profile.drv'...
building '/nix/store/y64nkakiw0fhddm5y6qmaznya7rmki0w-etc-zshenv.drv'...
building '/nix/store/wdikpq9wlmzq1rbms0warm7vwf94rmzk-unit-polkit.service.drv'...
building '/nix/store/q3c2cpbzqwbsl8pmcvydk6h4d83hqag2-unit-dbus.service.drv'...
building '/nix/store/v2zspfw02kyv62iav8yc8ipmknb5lyi1-unit-dbus.service.drv'...
building '/nix/store/vqj2zxfcb11jy98sfzddxcg8xgb63di4-user-units.drv'...
building '/nix/store/qjafn9w7njkcdq5gsmgk8l1ynqahk0l1-system-units.drv'...
building '/nix/store/3w9256vszlqcwznr0ddjl0g9ryr12i8g-etc.drv'...
building '/nix/store/hfgjh8fb9vq6xg8y6z73dh39v2iqqiny-nixos-system-laptop-25.05.803471.4792576cb003.drv'...
stopping the following units: accounts-daemon.service
activating the configuration...
setting up /etc...
reloading user units for thirst...
restarting sysinit-reactivation.target
reloading the following units: dbus.service
restarting the following units: polkit.service
starting the following units: accounts-daemon.service
the following new units were started: NetworkManager-dispatcher.service
Done. The new configuration is /nix/store/j3wqfn2q1a074s0bgn8bmdzymy2l9n4f-nixos-system-laptop-25.05.803471.4792576cb003
